# JRE version: OpenJDK Runtime Environment Temurin-19.0.2+7 (19.0.2+7) (build 19.0.2+7)
# Java VM: OpenJDK 64-Bit Server VM Temurin-19.0.2+7 (19.0.2+7, mixed mode, tiered, compressed oops, compressed class ptrs, g1 gc, windows-amd64)
GC Precious Log:
 CardTable entry size: 512
 Card Set container configuration: InlinePtr #cards 5 size 8 Array Of Cards #cards 12 size 40 Howl #buckets 4 coarsen threshold 1843 Howl Bitmap #cards 512 size 80 coarsen threshold 460 Card regions per heap region 1 cards per card region 2048
 CPUs: 4 total, 4 available
 Memory: 8083M
 Large Page Support: Disabled
 NUMA Support: Disabled
 Compressed Oops: Enabled (32-bit)
 Heap Region Size: 1M
 Heap Min Capacity: 8M
 Heap Initial Capacity: 128M
 Heap Max Capacity: 2022M
 Pre-touch: Disabled
 Parallel Workers: 4
 Concurrent Workers: 1
 Concurrent Refinement Workers: 4
 Periodic GC: Disabled
Heap:
 garbage-first heap   total 37888K, used 23152K [0x0000000081a00000, 0x0000000100000000)
  region size 1024K, 5 young (5120K), 1 survivors (1024K)
 Metaspace       used 45124K, committed 45696K, reserved 1114112K
  class space    used 5058K, committed 5312K, reserved 1048576K
GC Heap History (20 events):
Event: 12.046 GC heap before
{Heap before GC invocations=6 (full 0):
 garbage-first heap   total 37888K, used 22982K [0x0000000081a00000, 0x0000000100000000)
  region size 1024K, 13 young (13312K), 1 survivors (1024K)
 Metaspace       used 27980K, committed 28352K, reserved 1114112K
  class space    used 2975K, committed 3136K, reserved 1048576K
}
Event: 12.049 GC heap after
{Heap after GC invocations=7 (full 0):
 garbage-first heap   total 37888K, used 12686K [0x0000000081a00000, 0x0000000100000000)
  region size 1024K, 2 young (2048K), 2 survivors (2048K)
 Metaspace       used 27980K, committed 28352K, reserved 1114112K
  class space    used 2975K, committed 3136K, reserved 1048576K
}
Event: 14.269 GC heap before
{Heap before GC invocations=7 (full 0):
 garbage-first heap   total 37888K, used 24974K [0x0000000081a00000, 0x0000000100000000)
  region size 1024K, 14 young (14336K), 2 survivors (2048K)
 Metaspace       used 29140K, committed 29440K, reserved 1114112K
  class space    used 3108K, committed 3264K, reserved 1048576K
}
Event: 14.274 GC heap after
{Heap after GC invocations=8 (full 0):
 garbage-first heap   total 37888K, used 13594K [0x0000000081a00000, 0x0000000100000000)
  region size 1024K, 1 young (1024K), 1 survivors (1024K)
 Metaspace       used 29140K, committed 29440K, reserved 1114112K
  class space    used 3108K, committed 3264K, reserved 1048576K
}
Event: 16.176 GC heap before
{Heap before GC invocations=8 (full 0):
 garbage-first heap   total 37888K, used 25882K [0x0000000081a00000, 0x0000000100000000)
  region size 1024K, 13 young (13312K), 1 survivors (1024K)
 Metaspace       used 31078K, committed 31360K, reserved 1114112K
  class space    used 3375K, committed 3520K, reserved 1048576K
}
Event: 16.180 GC heap after
{Heap after GC invocations=9 (full 0):
 garbage-first heap   total 37888K, used 14497K [0x0000000081a00000, 0x0000000100000000)
  region size 1024K, 2 young (2048K), 2 survivors (2048K)
 Metaspace       used 31078K, committed 31360K, reserved 1114112K
  class space    used 3375K, committed 3520K, reserved 1048576K
}
Event: 18.105 GC heap before
{Heap before GC invocations=9 (full 0):
 garbage-first heap   total 37888K, used 26785K [0x0000000081a00000, 0x0000000100000000)
  region size 1024K, 14 young (14336K), 2 survivors (2048K)
 Metaspace       used 33279K, committed 33664K, reserved 1114112K
  class space    used 3679K, committed 3840K, reserved 1048576K
}
Event: 18.111 GC heap after
{Heap after GC invocations=10 (full 0):
 garbage-first heap   total 37888K, used 15694K [0x0000000081a00000, 0x0000000100000000)
  region size 1024K, 2 young (2048K), 2 survivors (2048K)
 Metaspace       used 33279K, committed 33664K, reserved 1114112K
  class space    used 3679K, committed 3840K, reserved 1048576K
}
Event: 19.876 GC heap before
{Heap before GC invocations=10 (full 0):
 garbage-first heap   total 37888K, used 25934K [0x0000000081a00000, 0x0000000100000000)
  region size 1024K, 13 young (13312K), 2 survivors (2048K)
 Metaspace       used 35535K, committed 35968K, reserved 1114112K
  class space    used 4018K, committed 4224K, reserved 1048576K
}
Event: 19.883 GC heap after
{Heap after GC invocations=11 (full 0):
 garbage-first heap   total 37888K, used 17099K [0x0000000081a00000, 0x0000000100000000)
  region size 1024K, 2 young (2048K), 2 survivors (2048K)
 Metaspace       used 35535K, committed 35968K, reserved 1114112K
  class space    used 4018K, committed 4224K, reserved 1048576K
}
Event: 21.939 GC heap before
{Heap before GC invocations=12 (full 0):
 garbage-first heap   total 37888K, used 27339K [0x0000000081a00000, 0x0000000100000000)
  region size 1024K, 12 young (12288K), 2 survivors (2048K)
 Metaspace       used 37821K, committed 38272K, reserved 1114112K
  class space    used 4244K, committed 4480K, reserved 1048576K
}
Event: 21.943 GC heap after
{Heap after GC invocations=13 (full 0):
 garbage-first heap   total 37888K, used 18064K [0x0000000081a00000, 0x0000000100000000)
  region size 1024K, 1 young (1024K), 1 survivors (1024K)
 Metaspace       used 37821K, committed 38272K, reserved 1114112K
  class space    used 4244K, committed 4480K, reserved 1048576K
}
Event: 22.071 GC heap before
{Heap before GC invocations=13 (full 0):
 garbage-first heap   total 37888K, used 19088K [0x0000000081a00000, 0x0000000100000000)
  region size 1024K, 2 young (2048K), 1 survivors (1024K)
 Metaspace       used 37908K, committed 38400K, reserved 1114112K
  class space    used 4253K, committed 4480K, reserved 1048576K
}
Event: 22.075 GC heap after
{Heap after GC invocations=14 (full 0):
 garbage-first heap   total 37888K, used 17549K [0x0000000081a00000, 0x0000000100000000)
  region size 1024K, 1 young (1024K), 1 survivors (1024K)
 Metaspace       used 37908K, committed 38400K, reserved 1114112K
  class space    used 4253K, committed 4480K, reserved 1048576K
}
Event: 23.281 GC heap before
{Heap before GC invocations=14 (full 0):
 garbage-first heap   total 37888K, used 27789K [0x0000000081a00000, 0x0000000100000000)
  region size 1024K, 12 young (12288K), 1 survivors (1024K)
 Metaspace       used 40968K, committed 41472K, reserved 1114112K
  class space    used 4568K, committed 4800K, reserved 1048576K
}
Event: 23.286 GC heap after
{Heap after GC invocations=15 (full 0):
 garbage-first heap   total 37888K, used 18688K [0x0000000081a00000, 0x0000000100000000)
  region size 1024K, 2 young (2048K), 2 survivors (2048K)
 Metaspace       used 40968K, committed 41472K, reserved 1114112K
  class space    used 4568K, committed 4800K, reserved 1048576K
}
Event: 27.351 GC heap before
{Heap before GC invocations=16 (full 0):
 garbage-first heap   total 37888K, used 29952K [0x0000000081a00000, 0x0000000100000000)
  region size 1024K, 12 young (12288K), 2 survivors (2048K)
 Metaspace       used 43843K, committed 44352K, reserved 1114112K
  class space    used 4907K, committed 5120K, reserved 1048576K
}
Event: 27.356 GC heap after
{Heap after GC invocations=17 (full 0):
 garbage-first heap   total 37888K, used 21320K [0x0000000081a00000, 0x0000000100000000)
  region size 1024K, 1 young (1024K), 1 survivors (1024K)
 Metaspace       used 43843K, committed 44352K, reserved 1114112K
  class space    used 4907K, committed 5120K, reserved 1048576K
}
Event: 29.234 GC heap before
{Heap before GC invocations=17 (full 0):
 garbage-first heap   total 37888K, used 22344K [0x0000000081a00000, 0x0000000100000000)
  region size 1024K, 2 young (2048K), 1 survivors (1024K)
 Metaspace       used 43979K, committed 44544K, reserved 1114112K
  class space    used 4937K, committed 5184K, reserved 1048576K
}
Event: 29.239 GC heap after
{Heap after GC invocations=18 (full 0):
 garbage-first heap   total 37888K, used 21104K [0x0000000081a00000, 0x0000000100000000)
  region size 1024K, 1 young (1024K), 1 survivors (1024K)
 Metaspace       used 43979K, committed 44544K, reserved 1114112K
  class space    used 4937K, committed 5184K, reserved 1048576K
}

